<?xml version="1.0" encoding="UTF-8"?>
<testsuite name="SomeTest" tests="1" skipped="0" failures="0" errors="0" timestamp="2020-05-18T13:43:20" hostname="DESKTOP-77I1GU1" time="0.004">
  <properties/>
  <testcase name="test" classname="SomeTest" time="0.004"/>
  <system-out><![CDATA[]]></system-out>
  <system-err><![CDATA[]]></system-err>
</testsuite>
